<?xml version="1.0" encoding="UTF-8"?>
<!-- Generated by org.testng.reporters.JUnitReportReporter -->
<testsuite hostname="QT-INBG-LT1958" failures="0" tests="1" name="signup" time="5.180" errors="0" timestamp="2022-09-16T17:37:28 IST" skipped="0">
  <testcase classname="signup" name="signUpTest" time="5.180"/>
  <system-out/>
</testsuite> <!-- signup -->
