<?xml version="1.0" encoding="UTF-8"?>
<!-- Generated by org.testng.reporters.JUnitReportReporter -->
<testsuite hostname="QT-INBG-LT1958" failures="0" tests="1" name="Order" time="6.019" errors="0" timestamp="2022-09-16T17:29:02 IST" skipped="0">
  <testcase classname="Order" name="order" time="6.019"/>
  <system-out/>
</testsuite> <!-- Order -->
