<?xml version="1.0" encoding="UTF-8"?>
<!-- Generated by org.testng.reporters.JUnitReportReporter -->
<testsuite hostname="QT-INBG-LT1958" failures="0" tests="1" name="SignIn" time="4.329" errors="0" timestamp="2022-09-16T17:29:27 IST" skipped="0">
  <testcase classname="SignIn" name="signIn" time="4.329"/>
  <system-out/>
</testsuite> <!-- SignIn -->
